[52.450s] Invoking command in '/home/server/Documents/Proyecto 1/proyecto_ws/src/proyecto1': DEBUGINFOD_URLS=https://debuginfod.ubuntu.com PYTHONPATH=/home/server/Documents/Proyecto 1/proyecto_ws/build/proyecto1/prefix_override:/usr/lib/python3/dist-packages/colcon_core/task/python/colcon_distutils_commands:/home/server/Documents/Proyecto 1/proyecto_ws/install/proyecto1/lib/python3.12/site-packages:${PYTHONPATH} /usr/bin/python3 -W ignore:setup.py install is deprecated setup.py egg_info --egg-base ../../build/proyecto1 build --build-base /home/server/Documents/Proyecto 1/proyecto_ws/build/proyecto1/build install --record /home/server/Documents/Proyecto 1/proyecto_ws/build/proyecto1/install.log --single-version-externally-managed install_data
[52.884s] running egg_info
[52.907s] writing ../../build/proyecto1/proyecto1.egg-info/PKG-INFO
[52.907s] writing dependency_links to ../../build/proyecto1/proyecto1.egg-info/dependency_links.txt
[52.907s] writing entry points to ../../build/proyecto1/proyecto1.egg-info/entry_points.txt
[52.907s] writing requirements to ../../build/proyecto1/proyecto1.egg-info/requires.txt
[52.908s] writing top-level names to ../../build/proyecto1/proyecto1.egg-info/top_level.txt
[52.956s] reading manifest file '../../build/proyecto1/proyecto1.egg-info/SOURCES.txt'
[52.976s] writing manifest file '../../build/proyecto1/proyecto1.egg-info/SOURCES.txt'
[52.976s] running build
[52.977s] running build_py
[52.977s] copying proyecto1/path_follow.py -> /home/server/Documents/Proyecto 1/proyecto_ws/build/proyecto1/build/lib/proyecto1
[52.977s] running install
[52.984s] running install_lib
[53.007s] copying /home/server/Documents/Proyecto 1/proyecto_ws/build/proyecto1/build/lib/proyecto1/path_follow.py -> /home/server/Documents/Proyecto 1/proyecto_ws/install/proyecto1/lib/python3.12/site-packages/proyecto1
[53.008s] byte-compiling /home/server/Documents/Proyecto 1/proyecto_ws/install/proyecto1/lib/python3.12/site-packages/proyecto1/path_follow.py to path_follow.cpython-312.pyc
[53.010s] running install_data
[53.010s] running install_egg_info
[53.037s] removing '/home/server/Documents/Proyecto 1/proyecto_ws/install/proyecto1/lib/python3.12/site-packages/proyecto1-0.0.0-py3.12.egg-info' (and everything under it)
[53.038s] Copying ../../build/proyecto1/proyecto1.egg-info to /home/server/Documents/Proyecto 1/proyecto_ws/install/proyecto1/lib/python3.12/site-packages/proyecto1-0.0.0-py3.12.egg-info
[53.057s] running install_scripts
[53.233s] Installing pathfollow script to /home/server/Documents/Proyecto 1/proyecto_ws/install/proyecto1/lib/proyecto1
[53.233s] writing list of installed files to '/home/server/Documents/Proyecto 1/proyecto_ws/build/proyecto1/install.log'
[53.269s] Invoked command in '/home/server/Documents/Proyecto 1/proyecto_ws/src/proyecto1' returned '0': DEBUGINFOD_URLS=https://debuginfod.ubuntu.com PYTHONPATH=/home/server/Documents/Proyecto 1/proyecto_ws/build/proyecto1/prefix_override:/usr/lib/python3/dist-packages/colcon_core/task/python/colcon_distutils_commands:/home/server/Documents/Proyecto 1/proyecto_ws/install/proyecto1/lib/python3.12/site-packages:${PYTHONPATH} /usr/bin/python3 -W ignore:setup.py install is deprecated setup.py egg_info --egg-base ../../build/proyecto1 build --build-base /home/server/Documents/Proyecto 1/proyecto_ws/build/proyecto1/build install --record /home/server/Documents/Proyecto 1/proyecto_ws/build/proyecto1/install.log --single-version-externally-managed install_data
