running egg_info
creating ../../build/proyecto1/proyecto1.egg-info
writing ../../build/proyecto1/proyecto1.egg-info/PKG-INFO
writing dependency_links to ../../build/proyecto1/proyecto1.egg-info/dependency_links.txt
writing entry points to ../../build/proyecto1/proyecto1.egg-info/entry_points.txt
writing requirements to ../../build/proyecto1/proyecto1.egg-info/requires.txt
writing top-level names to ../../build/proyecto1/proyecto1.egg-info/top_level.txt
writing manifest file '../../build/proyecto1/proyecto1.egg-info/SOURCES.txt'
reading manifest file '../../build/proyecto1/proyecto1.egg-info/SOURCES.txt'
writing manifest file '../../build/proyecto1/proyecto1.egg-info/SOURCES.txt'
running build
running build_py
creating /home/sebastian/Desktop/Robotica202420/proyecto_ws/build/proyecto1/build
creating /home/sebastian/Desktop/Robotica202420/proyecto_ws/build/proyecto1/build/lib
creating /home/sebastian/Desktop/Robotica202420/proyecto_ws/build/proyecto1/build/lib/proyecto1
copying proyecto1/__init__.py -> /home/sebastian/Desktop/Robotica202420/proyecto_ws/build/proyecto1/build/lib/proyecto1
copying proyecto1/path_follow.py -> /home/sebastian/Desktop/Robotica202420/proyecto_ws/build/proyecto1/build/lib/proyecto1
running install
running install_lib
creating /home/sebastian/Desktop/Robotica202420/proyecto_ws/install/proyecto1/lib/python3.12/site-packages/proyecto1
copying /home/sebastian/Desktop/Robotica202420/proyecto_ws/build/proyecto1/build/lib/proyecto1/__init__.py -> /home/sebastian/Desktop/Robotica202420/proyecto_ws/install/proyecto1/lib/python3.12/site-packages/proyecto1
copying /home/sebastian/Desktop/Robotica202420/proyecto_ws/build/proyecto1/build/lib/proyecto1/path_follow.py -> /home/sebastian/Desktop/Robotica202420/proyecto_ws/install/proyecto1/lib/python3.12/site-packages/proyecto1
byte-compiling /home/sebastian/Desktop/Robotica202420/proyecto_ws/install/proyecto1/lib/python3.12/site-packages/proyecto1/__init__.py to __init__.cpython-312.pyc
byte-compiling /home/sebastian/Desktop/Robotica202420/proyecto_ws/install/proyecto1/lib/python3.12/site-packages/proyecto1/path_follow.py to path_follow.cpython-312.pyc
running install_data
running install_egg_info
Copying ../../build/proyecto1/proyecto1.egg-info to /home/sebastian/Desktop/Robotica202420/proyecto_ws/install/proyecto1/lib/python3.12/site-packages/proyecto1-0.0.0-py3.12.egg-info
running install_scripts
Installing pathfollow script to /home/sebastian/Desktop/Robotica202420/proyecto_ws/install/proyecto1/lib/proyecto1
writing list of installed files to '/home/sebastian/Desktop/Robotica202420/proyecto_ws/build/proyecto1/install.log'
