[4.951s] Invoking command in '/home/sebastian/Desktop/Robotica202420/proyecto_ws/src/proyecto1': DEBUGINFOD_URLS=https://debuginfod.ubuntu.com PYTHONPATH=/home/sebastian/Desktop/Robotica202420/proyecto_ws/build/proyecto1/prefix_override:/usr/lib/python3/dist-packages/colcon_core/task/python/colcon_distutils_commands:/home/sebastian/Desktop/Robotica202420/proyecto_ws/install/proyecto1/lib/python3.12/site-packages:${PYTHONPATH} /usr/bin/python3 -W ignore:setup.py install is deprecated -W ignore:easy_install command is deprecated setup.py egg_info --egg-base ../../build/proyecto1 build --build-base /home/sebastian/Desktop/Robotica202420/proyecto_ws/build/proyecto1/build install --record /home/sebastian/Desktop/Robotica202420/proyecto_ws/build/proyecto1/install.log --single-version-externally-managed install_data
[5.206s] running egg_info
[5.207s] creating ../../build/proyecto1/proyecto1.egg-info
[5.221s] writing ../../build/proyecto1/proyecto1.egg-info/PKG-INFO
[5.221s] writing dependency_links to ../../build/proyecto1/proyecto1.egg-info/dependency_links.txt
[5.222s] writing entry points to ../../build/proyecto1/proyecto1.egg-info/entry_points.txt
[5.222s] writing requirements to ../../build/proyecto1/proyecto1.egg-info/requires.txt
[5.222s] writing top-level names to ../../build/proyecto1/proyecto1.egg-info/top_level.txt
[5.222s] writing manifest file '../../build/proyecto1/proyecto1.egg-info/SOURCES.txt'
[5.255s] reading manifest file '../../build/proyecto1/proyecto1.egg-info/SOURCES.txt'
[5.255s] writing manifest file '../../build/proyecto1/proyecto1.egg-info/SOURCES.txt'
[5.255s] running build
[5.256s] running build_py
[5.256s] creating /home/sebastian/Desktop/Robotica202420/proyecto_ws/build/proyecto1/build
[5.256s] creating /home/sebastian/Desktop/Robotica202420/proyecto_ws/build/proyecto1/build/lib
[5.256s] creating /home/sebastian/Desktop/Robotica202420/proyecto_ws/build/proyecto1/build/lib/proyecto1
[5.256s] copying proyecto1/__init__.py -> /home/sebastian/Desktop/Robotica202420/proyecto_ws/build/proyecto1/build/lib/proyecto1
[5.256s] copying proyecto1/path_follow.py -> /home/sebastian/Desktop/Robotica202420/proyecto_ws/build/proyecto1/build/lib/proyecto1
[5.256s] running install
[5.261s] running install_lib
[5.276s] creating /home/sebastian/Desktop/Robotica202420/proyecto_ws/install/proyecto1/lib/python3.12/site-packages/proyecto1
[5.276s] copying /home/sebastian/Desktop/Robotica202420/proyecto_ws/build/proyecto1/build/lib/proyecto1/__init__.py -> /home/sebastian/Desktop/Robotica202420/proyecto_ws/install/proyecto1/lib/python3.12/site-packages/proyecto1
[5.276s] copying /home/sebastian/Desktop/Robotica202420/proyecto_ws/build/proyecto1/build/lib/proyecto1/path_follow.py -> /home/sebastian/Desktop/Robotica202420/proyecto_ws/install/proyecto1/lib/python3.12/site-packages/proyecto1
[5.277s] byte-compiling /home/sebastian/Desktop/Robotica202420/proyecto_ws/install/proyecto1/lib/python3.12/site-packages/proyecto1/__init__.py to __init__.cpython-312.pyc
[5.277s] byte-compiling /home/sebastian/Desktop/Robotica202420/proyecto_ws/install/proyecto1/lib/python3.12/site-packages/proyecto1/path_follow.py to path_follow.cpython-312.pyc
[5.278s] running install_data
[5.278s] running install_egg_info
[5.294s] Copying ../../build/proyecto1/proyecto1.egg-info to /home/sebastian/Desktop/Robotica202420/proyecto_ws/install/proyecto1/lib/python3.12/site-packages/proyecto1-0.0.0-py3.12.egg-info
[5.295s] running install_scripts
[5.396s] Installing pathfollow script to /home/sebastian/Desktop/Robotica202420/proyecto_ws/install/proyecto1/lib/proyecto1
[5.396s] writing list of installed files to '/home/sebastian/Desktop/Robotica202420/proyecto_ws/build/proyecto1/install.log'
[5.413s] Invoked command in '/home/sebastian/Desktop/Robotica202420/proyecto_ws/src/proyecto1' returned '0': DEBUGINFOD_URLS=https://debuginfod.ubuntu.com PYTHONPATH=/home/sebastian/Desktop/Robotica202420/proyecto_ws/build/proyecto1/prefix_override:/usr/lib/python3/dist-packages/colcon_core/task/python/colcon_distutils_commands:/home/sebastian/Desktop/Robotica202420/proyecto_ws/install/proyecto1/lib/python3.12/site-packages:${PYTHONPATH} /usr/bin/python3 -W ignore:setup.py install is deprecated -W ignore:easy_install command is deprecated setup.py egg_info --egg-base ../../build/proyecto1 build --build-base /home/sebastian/Desktop/Robotica202420/proyecto_ws/build/proyecto1/build install --record /home/sebastian/Desktop/Robotica202420/proyecto_ws/build/proyecto1/install.log --single-version-externally-managed install_data
