running egg_info
creating ../../build/proyecto1/proyecto1.egg-info
writing ../../build/proyecto1/proyecto1.egg-info/PKG-INFO
writing dependency_links to ../../build/proyecto1/proyecto1.egg-info/dependency_links.txt
writing requirements to ../../build/proyecto1/proyecto1.egg-info/requires.txt
writing top-level names to ../../build/proyecto1/proyecto1.egg-info/top_level.txt
writing manifest file '../../build/proyecto1/proyecto1.egg-info/SOURCES.txt'
reading manifest file '../../build/proyecto1/proyecto1.egg-info/SOURCES.txt'
writing manifest file '../../build/proyecto1/proyecto1.egg-info/SOURCES.txt'
running build
running build_py
creating /home/sebastian/Documents/Robotica/Proyecto 1/proyecto_ws/build/proyecto1/build
creating /home/sebastian/Documents/Robotica/Proyecto 1/proyecto_ws/build/proyecto1/build/lib
creating /home/sebastian/Documents/Robotica/Proyecto 1/proyecto_ws/build/proyecto1/build/lib/proyecto1
copying proyecto1/__init__.py -> /home/sebastian/Documents/Robotica/Proyecto 1/proyecto_ws/build/proyecto1/build/lib/proyecto1
running install
running install_lib
creating /home/sebastian/Documents/Robotica/Proyecto 1/proyecto_ws/install/proyecto1/lib/python3.12/site-packages/proyecto1
copying /home/sebastian/Documents/Robotica/Proyecto 1/proyecto_ws/build/proyecto1/build/lib/proyecto1/__init__.py -> /home/sebastian/Documents/Robotica/Proyecto 1/proyecto_ws/install/proyecto1/lib/python3.12/site-packages/proyecto1
byte-compiling /home/sebastian/Documents/Robotica/Proyecto 1/proyecto_ws/install/proyecto1/lib/python3.12/site-packages/proyecto1/__init__.py to __init__.cpython-312.pyc
running install_data
creating /home/sebastian/Documents/Robotica/Proyecto 1/proyecto_ws/install/proyecto1/share/ament_index
creating /home/sebastian/Documents/Robotica/Proyecto 1/proyecto_ws/install/proyecto1/share/ament_index/resource_index
creating /home/sebastian/Documents/Robotica/Proyecto 1/proyecto_ws/install/proyecto1/share/ament_index/resource_index/packages
copying resource/proyecto1 -> /home/sebastian/Documents/Robotica/Proyecto 1/proyecto_ws/install/proyecto1/share/ament_index/resource_index/packages
copying package.xml -> /home/sebastian/Documents/Robotica/Proyecto 1/proyecto_ws/install/proyecto1/share/proyecto1
running install_egg_info
Copying ../../build/proyecto1/proyecto1.egg-info to /home/sebastian/Documents/Robotica/Proyecto 1/proyecto_ws/install/proyecto1/lib/python3.12/site-packages/proyecto1-0.0.0-py3.12.egg-info
running install_scripts
writing list of installed files to '/home/sebastian/Documents/Robotica/Proyecto 1/proyecto_ws/build/proyecto1/install.log'
