[1.056s] DEBUG:colcon:Command line arguments: ['/usr/bin/colcon', 'build']
[1.056s] DEBUG:colcon:Parsed command line arguments: Namespace(log_base=None, log_level=None, verb_name='build', build_base='build', install_base='install', merge_install=False, symlink_install=False, test_result_base=None, continue_on_error=False, executor='parallel', parallel_workers=8, event_handlers=None, ignore_user_meta=False, metas=['./colcon.meta'], base_paths=['.'], packages_ignore=None, packages_ignore_regex=None, paths=None, packages_up_to=None, packages_up_to_regex=None, packages_above=None, packages_above_and_dependencies=None, packages_above_depth=None, packages_select_by_dep=None, packages_skip_by_dep=None, packages_skip_up_to=None, packages_select_build_failed=False, packages_skip_build_finished=False, packages_select_test_failures=False, packages_skip_test_passed=False, packages_select=None, packages_skip=None, packages_select_regex=None, packages_skip_regex=None, packages_start=None, packages_end=None, cmake_args=None, cmake_target=None, cmake_target_skip_unavailable=False, cmake_clean_cache=False, cmake_clean_first=False, cmake_force_configure=False, ament_cmake_args=None, catkin_cmake_args=None, catkin_skip_building_tests=False, verb_parser=<colcon_defaults.argument_parser.defaults.DefaultArgumentsDecorator object at 0x765f50f05520>, verb_extension=<colcon_core.verb.build.BuildVerb object at 0x765f50f05220>, main=<bound method BuildVerb.main of <colcon_core.verb.build.BuildVerb object at 0x765f50f05220>>)
[2.100s] Level 1:colcon.colcon_core.package_discovery:discover_packages(colcon_meta) check parameters
[2.101s] Level 1:colcon.colcon_core.package_discovery:discover_packages(recursive) check parameters
[2.101s] Level 1:colcon.colcon_core.package_discovery:discover_packages(ignore) check parameters
[2.101s] Level 1:colcon.colcon_core.package_discovery:discover_packages(path) check parameters
[2.101s] Level 1:colcon.colcon_core.package_discovery:discover_packages(colcon_meta) discover
[2.101s] Level 1:colcon.colcon_core.package_discovery:discover_packages(recursive) discover
[2.101s] INFO:colcon.colcon_core.package_discovery:Crawling recursively for packages in '/home/server/Documents/Proyecto 1/proyecto_ws'
[2.101s] Level 1:colcon.colcon_core.package_identification:_identify(.) by extensions ['ignore', 'ignore_ament_install']
[2.101s] Level 1:colcon.colcon_core.package_identification:_identify(.) by extension 'ignore'
[2.101s] Level 1:colcon.colcon_core.package_identification:_identify(.) by extension 'ignore_ament_install'
[2.102s] Level 1:colcon.colcon_core.package_identification:_identify(.) by extensions ['colcon_pkg']
[2.102s] Level 1:colcon.colcon_core.package_identification:_identify(.) by extension 'colcon_pkg'
[2.102s] Level 1:colcon.colcon_core.package_identification:_identify(.) by extensions ['colcon_meta']
[2.102s] Level 1:colcon.colcon_core.package_identification:_identify(.) by extension 'colcon_meta'
[2.102s] Level 1:colcon.colcon_core.package_identification:_identify(.) by extensions ['ros']
[2.102s] Level 1:colcon.colcon_core.package_identification:_identify(.) by extension 'ros'
[2.321s] Level 1:colcon.colcon_core.package_identification:_identify(.) by extensions ['cmake', 'python']
[2.321s] Level 1:colcon.colcon_core.package_identification:_identify(.) by extension 'cmake'
[2.321s] Level 1:colcon.colcon_core.package_identification:_identify(.) by extension 'python'
[2.321s] Level 1:colcon.colcon_core.package_identification:_identify(.) by extensions ['python_setup_py']
[2.321s] Level 1:colcon.colcon_core.package_identification:_identify(.) by extension 'python_setup_py'
[2.321s] Level 1:colcon.colcon_core.package_identification:_identify(build) by extensions ['ignore', 'ignore_ament_install']
[2.321s] Level 1:colcon.colcon_core.package_identification:_identify(build) by extension 'ignore'
[2.321s] Level 1:colcon.colcon_core.package_identification:_identify(build) ignored
[2.321s] Level 1:colcon.colcon_core.package_identification:_identify(install) by extensions ['ignore', 'ignore_ament_install']
[2.322s] Level 1:colcon.colcon_core.package_identification:_identify(install) by extension 'ignore'
[2.322s] Level 1:colcon.colcon_core.package_identification:_identify(install) ignored
[2.322s] Level 1:colcon.colcon_core.package_identification:_identify(log) by extensions ['ignore', 'ignore_ament_install']
[2.322s] Level 1:colcon.colcon_core.package_identification:_identify(log) by extension 'ignore'
[2.322s] Level 1:colcon.colcon_core.package_identification:_identify(log) ignored
[2.322s] Level 1:colcon.colcon_core.package_identification:_identify(src) by extensions ['ignore', 'ignore_ament_install']
[2.322s] Level 1:colcon.colcon_core.package_identification:_identify(src) by extension 'ignore'
[2.323s] Level 1:colcon.colcon_core.package_identification:_identify(src) by extension 'ignore_ament_install'
[2.323s] Level 1:colcon.colcon_core.package_identification:_identify(src) by extensions ['colcon_pkg']
[2.323s] Level 1:colcon.colcon_core.package_identification:_identify(src) by extension 'colcon_pkg'
[2.323s] Level 1:colcon.colcon_core.package_identification:_identify(src) by extensions ['colcon_meta']
[2.323s] Level 1:colcon.colcon_core.package_identification:_identify(src) by extension 'colcon_meta'
[2.323s] Level 1:colcon.colcon_core.package_identification:_identify(src) by extensions ['ros']
[2.323s] Level 1:colcon.colcon_core.package_identification:_identify(src) by extension 'ros'
[2.323s] Level 1:colcon.colcon_core.package_identification:_identify(src) by extensions ['cmake', 'python']
[2.323s] Level 1:colcon.colcon_core.package_identification:_identify(src) by extension 'cmake'
[2.323s] Level 1:colcon.colcon_core.package_identification:_identify(src) by extension 'python'
[2.323s] Level 1:colcon.colcon_core.package_identification:_identify(src) by extensions ['python_setup_py']
[2.323s] Level 1:colcon.colcon_core.package_identification:_identify(src) by extension 'python_setup_py'
[2.324s] Level 1:colcon.colcon_core.package_identification:_identify(src/proyecto1) by extensions ['ignore', 'ignore_ament_install']
[2.324s] Level 1:colcon.colcon_core.package_identification:_identify(src/proyecto1) by extension 'ignore'
[2.324s] Level 1:colcon.colcon_core.package_identification:_identify(src/proyecto1) by extension 'ignore_ament_install'
[2.324s] Level 1:colcon.colcon_core.package_identification:_identify(src/proyecto1) by extensions ['colcon_pkg']
[2.324s] Level 1:colcon.colcon_core.package_identification:_identify(src/proyecto1) by extension 'colcon_pkg'
[2.324s] Level 1:colcon.colcon_core.package_identification:_identify(src/proyecto1) by extensions ['colcon_meta']
[2.324s] Level 1:colcon.colcon_core.package_identification:_identify(src/proyecto1) by extension 'colcon_meta'
[2.324s] Level 1:colcon.colcon_core.package_identification:_identify(src/proyecto1) by extensions ['ros']
[2.324s] Level 1:colcon.colcon_core.package_identification:_identify(src/proyecto1) by extension 'ros'
[2.382s] DEBUG:colcon.colcon_core.package_identification:Package 'src/proyecto1' with type 'ros.ament_python' and name 'proyecto1'
[2.382s] Level 1:colcon.colcon_core.package_discovery:discover_packages(recursive) using defaults
[2.382s] Level 1:colcon.colcon_core.package_discovery:discover_packages(ignore) discover
[2.382s] Level 1:colcon.colcon_core.package_discovery:discover_packages(ignore) using defaults
[2.382s] Level 1:colcon.colcon_core.package_discovery:discover_packages(path) discover
[2.382s] Level 1:colcon.colcon_core.package_discovery:discover_packages(path) using defaults
[3.189s] Level 5:colcon.colcon_core.verb:set package 'proyecto1' build argument 'cmake_args' from command line to 'None'
[3.190s] Level 5:colcon.colcon_core.verb:set package 'proyecto1' build argument 'cmake_target' from command line to 'None'
[3.190s] Level 5:colcon.colcon_core.verb:set package 'proyecto1' build argument 'cmake_target_skip_unavailable' from command line to 'False'
[3.190s] Level 5:colcon.colcon_core.verb:set package 'proyecto1' build argument 'cmake_clean_cache' from command line to 'False'
[3.190s] Level 5:colcon.colcon_core.verb:set package 'proyecto1' build argument 'cmake_clean_first' from command line to 'False'
[3.190s] Level 5:colcon.colcon_core.verb:set package 'proyecto1' build argument 'cmake_force_configure' from command line to 'False'
[3.190s] Level 5:colcon.colcon_core.verb:set package 'proyecto1' build argument 'ament_cmake_args' from command line to 'None'
[3.190s] Level 5:colcon.colcon_core.verb:set package 'proyecto1' build argument 'catkin_cmake_args' from command line to 'None'
[3.190s] Level 5:colcon.colcon_core.verb:set package 'proyecto1' build argument 'catkin_skip_building_tests' from command line to 'False'
[3.190s] DEBUG:colcon.colcon_core.verb:Building package 'proyecto1' with the following arguments: {'ament_cmake_args': None, 'build_base': '/home/server/Documents/Proyecto 1/proyecto_ws/build/proyecto1', 'catkin_cmake_args': None, 'catkin_skip_building_tests': False, 'cmake_args': None, 'cmake_clean_cache': False, 'cmake_clean_first': False, 'cmake_force_configure': False, 'cmake_target': None, 'cmake_target_skip_unavailable': False, 'install_base': '/home/server/Documents/Proyecto 1/proyecto_ws/install/proyecto1', 'merge_install': False, 'path': '/home/server/Documents/Proyecto 1/proyecto_ws/src/proyecto1', 'symlink_install': False, 'test_result_base': None}
[3.191s] INFO:colcon.colcon_core.executor:Executing jobs using 'parallel' executor
[3.192s] DEBUG:colcon.colcon_parallel_executor.executor.parallel:run_until_complete
[3.192s] INFO:colcon.colcon_ros.task.ament_python.build:Building ROS package in '/home/server/Documents/Proyecto 1/proyecto_ws/src/proyecto1' with build type 'ament_python'
[3.193s] Level 1:colcon.colcon_core.shell:create_environment_hook('proyecto1', 'ament_prefix_path')
[3.385s] INFO:colcon.colcon_core.plugin_system:Skipping extension 'colcon_core.shell.bat': Not used on non-Windows systems
[3.385s] INFO:colcon.colcon_core.shell:Creating environment descriptor '/home/server/Documents/Proyecto 1/proyecto_ws/install/proyecto1/share/proyecto1/hook/ament_prefix_path.dsv'
[3.434s] INFO:colcon.colcon_core.shell:Creating environment hook '/home/server/Documents/Proyecto 1/proyecto_ws/install/proyecto1/share/proyecto1/hook/ament_prefix_path.sh'
[3.436s] DEBUG:colcon.colcon_core.shell:Skip shell extension 'dsv' for command environment
[4.309s] INFO:colcon.colcon_core.task.python.build:Building Python package in '/home/server/Documents/Proyecto 1/proyecto_ws/src/proyecto1'
[4.309s] DEBUG:colcon.colcon_core.shell:Skip shell extension 'dsv' for command environment
[15.442s] DEBUG:colcon.colcon_core.event_handler.log_command:Invoking command in '/home/server/Documents/Proyecto 1/proyecto_ws/src/proyecto1': DEBUGINFOD_URLS=https://debuginfod.ubuntu.com PYTHONPATH=/home/server/Documents/Proyecto 1/proyecto_ws/build/proyecto1/prefix_override:/usr/lib/python3/dist-packages/colcon_core/task/python/colcon_distutils_commands:/home/server/Documents/Proyecto 1/proyecto_ws/install/proyecto1/lib/python3.12/site-packages:${PYTHONPATH} /usr/bin/python3 -W ignore:setup.py install is deprecated setup.py egg_info --egg-base ../../build/proyecto1 build --build-base /home/server/Documents/Proyecto 1/proyecto_ws/build/proyecto1/build install --record /home/server/Documents/Proyecto 1/proyecto_ws/build/proyecto1/install.log --single-version-externally-managed install_data
[16.781s] DEBUG:colcon.colcon_core.event_handler.log_command:Invoked command in '/home/server/Documents/Proyecto 1/proyecto_ws/src/proyecto1' returned '0': DEBUGINFOD_URLS=https://debuginfod.ubuntu.com PYTHONPATH=/home/server/Documents/Proyecto 1/proyecto_ws/build/proyecto1/prefix_override:/usr/lib/python3/dist-packages/colcon_core/task/python/colcon_distutils_commands:/home/server/Documents/Proyecto 1/proyecto_ws/install/proyecto1/lib/python3.12/site-packages:${PYTHONPATH} /usr/bin/python3 -W ignore:setup.py install is deprecated setup.py egg_info --egg-base ../../build/proyecto1 build --build-base /home/server/Documents/Proyecto 1/proyecto_ws/build/proyecto1/build install --record /home/server/Documents/Proyecto 1/proyecto_ws/build/proyecto1/install.log --single-version-externally-managed install_data
[16.927s] Level 1:colcon.colcon_core.environment:checking '/home/server/Documents/Proyecto 1/proyecto_ws/install/proyecto1' for CMake module files
[16.946s] Level 1:colcon.colcon_core.environment:checking '/home/server/Documents/Proyecto 1/proyecto_ws/install/proyecto1' for CMake config files
[16.948s] Level 1:colcon.colcon_core.environment:checking '/home/server/Documents/Proyecto 1/proyecto_ws/install/proyecto1/lib'
[16.949s] Level 1:colcon.colcon_core.environment:checking '/home/server/Documents/Proyecto 1/proyecto_ws/install/proyecto1/bin'
[16.949s] Level 1:colcon.colcon_core.environment:checking '/home/server/Documents/Proyecto 1/proyecto_ws/install/proyecto1/lib/pkgconfig/proyecto1.pc'
[16.949s] Level 1:colcon.colcon_core.environment:checking '/home/server/Documents/Proyecto 1/proyecto_ws/install/proyecto1/lib/python3.12/site-packages'
[16.949s] Level 1:colcon.colcon_core.shell:create_environment_hook('proyecto1', 'pythonpath')
[16.950s] INFO:colcon.colcon_core.shell:Creating environment descriptor '/home/server/Documents/Proyecto 1/proyecto_ws/install/proyecto1/share/proyecto1/hook/pythonpath.dsv'
[16.950s] INFO:colcon.colcon_core.shell:Creating environment hook '/home/server/Documents/Proyecto 1/proyecto_ws/install/proyecto1/share/proyecto1/hook/pythonpath.sh'
[16.952s] Level 1:colcon.colcon_core.environment:checking '/home/server/Documents/Proyecto 1/proyecto_ws/install/proyecto1/bin'
[16.952s] Level 1:colcon.colcon_core.environment:create_environment_scripts_only(proyecto1)
[16.952s] INFO:colcon.colcon_core.shell:Creating package descriptor '/home/server/Documents/Proyecto 1/proyecto_ws/install/proyecto1/share/proyecto1/package.dsv'
[17.023s] INFO:colcon.colcon_core.shell:Creating package script '/home/server/Documents/Proyecto 1/proyecto_ws/install/proyecto1/share/proyecto1/package.sh'
[17.045s] INFO:colcon.colcon_core.shell:Creating package script '/home/server/Documents/Proyecto 1/proyecto_ws/install/proyecto1/share/proyecto1/package.bash'
[17.135s] INFO:colcon.colcon_core.shell:Creating package script '/home/server/Documents/Proyecto 1/proyecto_ws/install/proyecto1/share/proyecto1/package.zsh'
[17.237s] Level 1:colcon.colcon_core.environment:create_file_with_runtime_dependencies(/home/server/Documents/Proyecto 1/proyecto_ws/install/proyecto1/share/colcon-core/packages/proyecto1)
[17.238s] DEBUG:colcon.colcon_parallel_executor.executor.parallel:closing loop
[17.238s] DEBUG:colcon.colcon_parallel_executor.executor.parallel:loop closed
[17.238s] DEBUG:colcon.colcon_parallel_executor.executor.parallel:run_until_complete finished with '0'
[17.238s] DEBUG:colcon.colcon_core.event_reactor:joining thread
[17.661s] INFO:colcon.colcon_core.plugin_system:Skipping extension 'colcon_notification.desktop_notification.terminal_notifier': Not used on non-Darwin systems
[17.661s] INFO:colcon.colcon_core.plugin_system:Skipping extension 'colcon_notification.desktop_notification.win32': Not used on non-Windows systems
[17.661s] INFO:colcon.colcon_notification.desktop_notification:Sending desktop notification using 'notify2'
[18.015s] DEBUG:colcon.colcon_core.event_reactor:joined thread
[18.015s] INFO:colcon.colcon_core.shell:Creating prefix script '/home/server/Documents/Proyecto 1/proyecto_ws/install/local_setup.sh'
[18.213s] INFO:colcon.colcon_core.shell:Creating prefix util module '/home/server/Documents/Proyecto 1/proyecto_ws/install/_local_setup_util_sh.py'
[18.270s] INFO:colcon.colcon_core.shell:Creating prefix chain script '/home/server/Documents/Proyecto 1/proyecto_ws/install/setup.sh'
[18.324s] INFO:colcon.colcon_core.shell:Creating prefix script '/home/server/Documents/Proyecto 1/proyecto_ws/install/local_setup.bash'
[18.346s] INFO:colcon.colcon_core.shell:Creating prefix chain script '/home/server/Documents/Proyecto 1/proyecto_ws/install/setup.bash'
[18.376s] INFO:colcon.colcon_core.shell:Creating prefix script '/home/server/Documents/Proyecto 1/proyecto_ws/install/local_setup.zsh'
[18.475s] INFO:colcon.colcon_core.shell:Creating prefix chain script '/home/server/Documents/Proyecto 1/proyecto_ws/install/setup.zsh'
