[1.182s] Invoking command in '/home/server/Documents/Proyecto 1/proyecto_ws/src/proyecto1': DEBUGINFOD_URLS=https://debuginfod.ubuntu.com PYTHONPATH=/home/server/Documents/Proyecto 1/proyecto_ws/build/proyecto1/prefix_override:/usr/lib/python3/dist-packages/colcon_core/task/python/colcon_distutils_commands:/home/server/Documents/Proyecto 1/proyecto_ws/install/proyecto1/lib/python3.12/site-packages:${PYTHONPATH} /usr/bin/python3 -W ignore:setup.py install is deprecated setup.py egg_info --egg-base ../../build/proyecto1 build --build-base /home/server/Documents/Proyecto 1/proyecto_ws/build/proyecto1/build install --record /home/server/Documents/Proyecto 1/proyecto_ws/build/proyecto1/install.log --single-version-externally-managed install_data
[1.569s] running egg_info
[1.597s] writing ../../build/proyecto1/proyecto1.egg-info/PKG-INFO
[1.598s] writing dependency_links to ../../build/proyecto1/proyecto1.egg-info/dependency_links.txt
[1.598s] writing entry points to ../../build/proyecto1/proyecto1.egg-info/entry_points.txt
[1.598s] writing requirements to ../../build/proyecto1/proyecto1.egg-info/requires.txt
[1.598s] writing top-level names to ../../build/proyecto1/proyecto1.egg-info/top_level.txt
[1.659s] reading manifest file '../../build/proyecto1/proyecto1.egg-info/SOURCES.txt'
[1.694s] writing manifest file '../../build/proyecto1/proyecto1.egg-info/SOURCES.txt'
[1.694s] running build
[1.694s] running build_py
[1.694s] copying proyecto1/path_follow.py -> /home/server/Documents/Proyecto 1/proyecto_ws/build/proyecto1/build/lib/proyecto1
[1.702s] running install
[1.710s] running install_lib
[1.745s] copying /home/server/Documents/Proyecto 1/proyecto_ws/build/proyecto1/build/lib/proyecto1/path_follow.py -> /home/server/Documents/Proyecto 1/proyecto_ws/install/proyecto1/lib/python3.12/site-packages/proyecto1
[1.746s] byte-compiling /home/server/Documents/Proyecto 1/proyecto_ws/install/proyecto1/lib/python3.12/site-packages/proyecto1/path_follow.py to path_follow.cpython-312.pyc
[1.748s] running install_data
[1.748s] running install_egg_info
[1.780s] removing '/home/server/Documents/Proyecto 1/proyecto_ws/install/proyecto1/lib/python3.12/site-packages/proyecto1-0.0.0-py3.12.egg-info' (and everything under it)
[1.780s] Copying ../../build/proyecto1/proyecto1.egg-info to /home/server/Documents/Proyecto 1/proyecto_ws/install/proyecto1/lib/python3.12/site-packages/proyecto1-0.0.0-py3.12.egg-info
[1.781s] running install_scripts
[2.019s] Installing pathfollow script to /home/server/Documents/Proyecto 1/proyecto_ws/install/proyecto1/lib/proyecto1
[2.020s] writing list of installed files to '/home/server/Documents/Proyecto 1/proyecto_ws/build/proyecto1/install.log'
[2.074s] Invoked command in '/home/server/Documents/Proyecto 1/proyecto_ws/src/proyecto1' returned '0': DEBUGINFOD_URLS=https://debuginfod.ubuntu.com PYTHONPATH=/home/server/Documents/Proyecto 1/proyecto_ws/build/proyecto1/prefix_override:/usr/lib/python3/dist-packages/colcon_core/task/python/colcon_distutils_commands:/home/server/Documents/Proyecto 1/proyecto_ws/install/proyecto1/lib/python3.12/site-packages:${PYTHONPATH} /usr/bin/python3 -W ignore:setup.py install is deprecated setup.py egg_info --egg-base ../../build/proyecto1 build --build-base /home/server/Documents/Proyecto 1/proyecto_ws/build/proyecto1/build install --record /home/server/Documents/Proyecto 1/proyecto_ws/build/proyecto1/install.log --single-version-externally-managed install_data
