[2.650s] Invoking command in '/home/server/Documents/Proyecto 1/proyecto_ws/src/proyecto1': DEBUGINFOD_URLS=https://debuginfod.ubuntu.com PYTHONPATH=/home/server/Documents/Proyecto 1/proyecto_ws/build/proyecto1/prefix_override:/usr/lib/python3/dist-packages/colcon_core/task/python/colcon_distutils_commands:/home/server/Documents/Proyecto 1/proyecto_ws/install/proyecto1/lib/python3.12/site-packages:${PYTHONPATH} /usr/bin/python3 -W ignore:setup.py install is deprecated setup.py egg_info --egg-base ../../build/proyecto1 build --build-base /home/server/Documents/Proyecto 1/proyecto_ws/build/proyecto1/build install --record /home/server/Documents/Proyecto 1/proyecto_ws/build/proyecto1/install.log --single-version-externally-managed install_data
[3.126s] running egg_info
[3.156s] writing ../../build/proyecto1/proyecto1.egg-info/PKG-INFO
[3.156s] writing dependency_links to ../../build/proyecto1/proyecto1.egg-info/dependency_links.txt
[3.156s] writing entry points to ../../build/proyecto1/proyecto1.egg-info/entry_points.txt
[3.157s] writing requirements to ../../build/proyecto1/proyecto1.egg-info/requires.txt
[3.157s] writing top-level names to ../../build/proyecto1/proyecto1.egg-info/top_level.txt
[3.217s] reading manifest file '../../build/proyecto1/proyecto1.egg-info/SOURCES.txt'
[3.229s] writing manifest file '../../build/proyecto1/proyecto1.egg-info/SOURCES.txt'
[3.229s] running build
[3.229s] running build_py
[3.229s] copying proyecto1/path_follow.py -> /home/server/Documents/Proyecto 1/proyecto_ws/build/proyecto1/build/lib/proyecto1
[3.229s] running install
[3.239s] running install_lib
[3.270s] copying /home/server/Documents/Proyecto 1/proyecto_ws/build/proyecto1/build/lib/proyecto1/path_follow.py -> /home/server/Documents/Proyecto 1/proyecto_ws/install/proyecto1/lib/python3.12/site-packages/proyecto1
[3.271s] byte-compiling /home/server/Documents/Proyecto 1/proyecto_ws/install/proyecto1/lib/python3.12/site-packages/proyecto1/path_follow.py to path_follow.cpython-312.pyc
[3.273s] running install_data
[3.274s] running install_egg_info
[3.306s] removing '/home/server/Documents/Proyecto 1/proyecto_ws/install/proyecto1/lib/python3.12/site-packages/proyecto1-0.0.0-py3.12.egg-info' (and everything under it)
[3.306s] Copying ../../build/proyecto1/proyecto1.egg-info to /home/server/Documents/Proyecto 1/proyecto_ws/install/proyecto1/lib/python3.12/site-packages/proyecto1-0.0.0-py3.12.egg-info
[3.307s] running install_scripts
[3.535s] Installing pathfollow script to /home/server/Documents/Proyecto 1/proyecto_ws/install/proyecto1/lib/proyecto1
[3.535s] writing list of installed files to '/home/server/Documents/Proyecto 1/proyecto_ws/build/proyecto1/install.log'
[3.587s] Invoked command in '/home/server/Documents/Proyecto 1/proyecto_ws/src/proyecto1' returned '0': DEBUGINFOD_URLS=https://debuginfod.ubuntu.com PYTHONPATH=/home/server/Documents/Proyecto 1/proyecto_ws/build/proyecto1/prefix_override:/usr/lib/python3/dist-packages/colcon_core/task/python/colcon_distutils_commands:/home/server/Documents/Proyecto 1/proyecto_ws/install/proyecto1/lib/python3.12/site-packages:${PYTHONPATH} /usr/bin/python3 -W ignore:setup.py install is deprecated setup.py egg_info --egg-base ../../build/proyecto1 build --build-base /home/server/Documents/Proyecto 1/proyecto_ws/build/proyecto1/build install --record /home/server/Documents/Proyecto 1/proyecto_ws/build/proyecto1/install.log --single-version-externally-managed install_data
