[1.051s] Invoking command in '/home/server/Documents/Proyecto 1/proyecto_ws/src/proyecto1': DEBUGINFOD_URLS=https://debuginfod.ubuntu.com PYTHONPATH=/home/server/Documents/Proyecto 1/proyecto_ws/build/proyecto1/prefix_override:/usr/lib/python3/dist-packages/colcon_core/task/python/colcon_distutils_commands:/home/server/Documents/Proyecto 1/proyecto_ws/install/proyecto1/lib/python3.12/site-packages:${PYTHONPATH} /usr/bin/python3 -W ignore:setup.py install is deprecated setup.py egg_info --egg-base ../../build/proyecto1 build --build-base /home/server/Documents/Proyecto 1/proyecto_ws/build/proyecto1/build install --record /home/server/Documents/Proyecto 1/proyecto_ws/build/proyecto1/install.log --single-version-externally-managed install_data
[1.394s] running egg_info
[1.419s] writing ../../build/proyecto1/proyecto1.egg-info/PKG-INFO
[1.420s] writing dependency_links to ../../build/proyecto1/proyecto1.egg-info/dependency_links.txt
[1.420s] writing entry points to ../../build/proyecto1/proyecto1.egg-info/entry_points.txt
[1.420s] writing requirements to ../../build/proyecto1/proyecto1.egg-info/requires.txt
[1.420s] writing top-level names to ../../build/proyecto1/proyecto1.egg-info/top_level.txt
[1.470s] reading manifest file '../../build/proyecto1/proyecto1.egg-info/SOURCES.txt'
[1.487s] writing manifest file '../../build/proyecto1/proyecto1.egg-info/SOURCES.txt'
[1.487s] running build
[1.488s] running build_py
[1.488s] running install
[1.496s] running install_lib
[1.522s] running install_data
[1.522s] running install_egg_info
[1.549s] removing '/home/server/Documents/Proyecto 1/proyecto_ws/install/proyecto1/lib/python3.12/site-packages/proyecto1-0.0.0-py3.12.egg-info' (and everything under it)
[1.549s] Copying ../../build/proyecto1/proyecto1.egg-info to /home/server/Documents/Proyecto 1/proyecto_ws/install/proyecto1/lib/python3.12/site-packages/proyecto1-0.0.0-py3.12.egg-info
[1.550s] running install_scripts
[1.738s] Installing pathfollow script to /home/server/Documents/Proyecto 1/proyecto_ws/install/proyecto1/lib/proyecto1
[1.739s] writing list of installed files to '/home/server/Documents/Proyecto 1/proyecto_ws/build/proyecto1/install.log'
[1.775s] Invoked command in '/home/server/Documents/Proyecto 1/proyecto_ws/src/proyecto1' returned '0': DEBUGINFOD_URLS=https://debuginfod.ubuntu.com PYTHONPATH=/home/server/Documents/Proyecto 1/proyecto_ws/build/proyecto1/prefix_override:/usr/lib/python3/dist-packages/colcon_core/task/python/colcon_distutils_commands:/home/server/Documents/Proyecto 1/proyecto_ws/install/proyecto1/lib/python3.12/site-packages:${PYTHONPATH} /usr/bin/python3 -W ignore:setup.py install is deprecated setup.py egg_info --egg-base ../../build/proyecto1 build --build-base /home/server/Documents/Proyecto 1/proyecto_ws/build/proyecto1/build install --record /home/server/Documents/Proyecto 1/proyecto_ws/build/proyecto1/install.log --single-version-externally-managed install_data
