[4.705s] DEBUG:colcon:Command line arguments: ['/usr/bin/colcon', 'build']
[4.705s] DEBUG:colcon:Parsed command line arguments: Namespace(log_base=None, log_level=None, verb_name='build', build_base='build', install_base='install', merge_install=False, symlink_install=False, test_result_base=None, continue_on_error=False, executor='parallel', parallel_workers=12, event_handlers=None, ignore_user_meta=False, metas=['./colcon.meta'], base_paths=['.'], packages_ignore=None, packages_ignore_regex=None, paths=None, packages_up_to=None, packages_up_to_regex=None, packages_above=None, packages_above_and_dependencies=None, packages_above_depth=None, packages_select_by_dep=None, packages_skip_by_dep=None, packages_skip_up_to=None, packages_select_build_failed=False, packages_skip_build_finished=False, packages_select_test_failures=False, packages_skip_test_passed=False, packages_select=None, packages_skip=None, packages_select_regex=None, packages_skip_regex=None, packages_start=None, packages_end=None, cmake_args=None, cmake_target=None, cmake_target_skip_unavailable=False, cmake_clean_cache=False, cmake_clean_first=False, cmake_force_configure=False, ament_cmake_args=None, catkin_cmake_args=None, catkin_skip_building_tests=False, verb_parser=<colcon_defaults.argument_parser.defaults.DefaultArgumentsDecorator object at 0x7dec8b18f110>, verb_extension=<colcon_core.verb.build.BuildVerb object at 0x7dec8b18ef30>, main=<bound method BuildVerb.main of <colcon_core.verb.build.BuildVerb object at 0x7dec8b18ef30>>)
[5.035s] Level 1:colcon.colcon_core.package_discovery:discover_packages(colcon_meta) check parameters
[5.035s] Level 1:colcon.colcon_core.package_discovery:discover_packages(recursive) check parameters
[5.035s] Level 1:colcon.colcon_core.package_discovery:discover_packages(ignore) check parameters
[5.035s] Level 1:colcon.colcon_core.package_discovery:discover_packages(path) check parameters
[5.035s] Level 1:colcon.colcon_core.package_discovery:discover_packages(colcon_meta) discover
[5.035s] Level 1:colcon.colcon_core.package_discovery:discover_packages(recursive) discover
[5.036s] INFO:colcon.colcon_core.package_discovery:Crawling recursively for packages in '/home/sebastian/Desktop/Robotica202420/proyecto_ws'
[5.036s] Level 1:colcon.colcon_core.package_identification:_identify(.) by extensions ['ignore', 'ignore_ament_install']
[5.036s] Level 1:colcon.colcon_core.package_identification:_identify(.) by extension 'ignore'
[5.036s] Level 1:colcon.colcon_core.package_identification:_identify(.) by extension 'ignore_ament_install'
[5.036s] Level 1:colcon.colcon_core.package_identification:_identify(.) by extensions ['colcon_pkg']
[5.036s] Level 1:colcon.colcon_core.package_identification:_identify(.) by extension 'colcon_pkg'
[5.036s] Level 1:colcon.colcon_core.package_identification:_identify(.) by extensions ['colcon_meta']
[5.036s] Level 1:colcon.colcon_core.package_identification:_identify(.) by extension 'colcon_meta'
[5.036s] Level 1:colcon.colcon_core.package_identification:_identify(.) by extensions ['ros']
[5.036s] Level 1:colcon.colcon_core.package_identification:_identify(.) by extension 'ros'
[5.192s] Level 1:colcon.colcon_core.package_identification:_identify(.) by extensions ['cmake', 'python']
[5.192s] Level 1:colcon.colcon_core.package_identification:_identify(.) by extension 'cmake'
[5.192s] Level 1:colcon.colcon_core.package_identification:_identify(.) by extension 'python'
[5.192s] Level 1:colcon.colcon_core.package_identification:_identify(.) by extensions ['python_setup_py']
[5.192s] Level 1:colcon.colcon_core.package_identification:_identify(.) by extension 'python_setup_py'
[5.192s] Level 1:colcon.colcon_core.package_identification:_identify(build) by extensions ['ignore', 'ignore_ament_install']
[5.192s] Level 1:colcon.colcon_core.package_identification:_identify(build) by extension 'ignore'
[5.192s] Level 1:colcon.colcon_core.package_identification:_identify(build) ignored
[5.193s] Level 1:colcon.colcon_core.package_identification:_identify(install) by extensions ['ignore', 'ignore_ament_install']
[5.193s] Level 1:colcon.colcon_core.package_identification:_identify(install) by extension 'ignore'
[5.193s] Level 1:colcon.colcon_core.package_identification:_identify(install) ignored
[5.193s] Level 1:colcon.colcon_core.package_identification:_identify(log) by extensions ['ignore', 'ignore_ament_install']
[5.193s] Level 1:colcon.colcon_core.package_identification:_identify(log) by extension 'ignore'
[5.193s] Level 1:colcon.colcon_core.package_identification:_identify(log) ignored
[5.193s] Level 1:colcon.colcon_core.package_identification:_identify(src) by extensions ['ignore', 'ignore_ament_install']
[5.193s] Level 1:colcon.colcon_core.package_identification:_identify(src) by extension 'ignore'
[5.194s] Level 1:colcon.colcon_core.package_identification:_identify(src) by extension 'ignore_ament_install'
[5.194s] Level 1:colcon.colcon_core.package_identification:_identify(src) by extensions ['colcon_pkg']
[5.194s] Level 1:colcon.colcon_core.package_identification:_identify(src) by extension 'colcon_pkg'
[5.194s] Level 1:colcon.colcon_core.package_identification:_identify(src) by extensions ['colcon_meta']
[5.194s] Level 1:colcon.colcon_core.package_identification:_identify(src) by extension 'colcon_meta'
[5.194s] Level 1:colcon.colcon_core.package_identification:_identify(src) by extensions ['ros']
[5.194s] Level 1:colcon.colcon_core.package_identification:_identify(src) by extension 'ros'
[5.194s] Level 1:colcon.colcon_core.package_identification:_identify(src) by extensions ['cmake', 'python']
[5.194s] Level 1:colcon.colcon_core.package_identification:_identify(src) by extension 'cmake'
[5.194s] Level 1:colcon.colcon_core.package_identification:_identify(src) by extension 'python'
[5.194s] Level 1:colcon.colcon_core.package_identification:_identify(src) by extensions ['python_setup_py']
[5.194s] Level 1:colcon.colcon_core.package_identification:_identify(src) by extension 'python_setup_py'
[5.194s] Level 1:colcon.colcon_core.package_identification:_identify(src/proyecto1) by extensions ['ignore', 'ignore_ament_install']
[5.195s] Level 1:colcon.colcon_core.package_identification:_identify(src/proyecto1) by extension 'ignore'
[5.195s] Level 1:colcon.colcon_core.package_identification:_identify(src/proyecto1) by extension 'ignore_ament_install'
[5.195s] Level 1:colcon.colcon_core.package_identification:_identify(src/proyecto1) by extensions ['colcon_pkg']
[5.195s] Level 1:colcon.colcon_core.package_identification:_identify(src/proyecto1) by extension 'colcon_pkg'
[5.195s] Level 1:colcon.colcon_core.package_identification:_identify(src/proyecto1) by extensions ['colcon_meta']
[5.195s] Level 1:colcon.colcon_core.package_identification:_identify(src/proyecto1) by extension 'colcon_meta'
[5.195s] Level 1:colcon.colcon_core.package_identification:_identify(src/proyecto1) by extensions ['ros']
[5.195s] Level 1:colcon.colcon_core.package_identification:_identify(src/proyecto1) by extension 'ros'
[5.213s] DEBUG:colcon.colcon_core.package_identification:Package 'src/proyecto1' with type 'ros.ament_python' and name 'proyecto1'
[5.213s] Level 1:colcon.colcon_core.package_discovery:discover_packages(recursive) using defaults
[5.213s] Level 1:colcon.colcon_core.package_discovery:discover_packages(ignore) discover
[5.213s] Level 1:colcon.colcon_core.package_discovery:discover_packages(ignore) using defaults
[5.213s] Level 1:colcon.colcon_core.package_discovery:discover_packages(path) discover
[5.213s] Level 1:colcon.colcon_core.package_discovery:discover_packages(path) using defaults
[5.329s] Level 5:colcon.colcon_core.verb:set package 'proyecto1' build argument 'cmake_args' from command line to 'None'
[5.329s] Level 5:colcon.colcon_core.verb:set package 'proyecto1' build argument 'cmake_target' from command line to 'None'
[5.329s] Level 5:colcon.colcon_core.verb:set package 'proyecto1' build argument 'cmake_target_skip_unavailable' from command line to 'False'
[5.329s] Level 5:colcon.colcon_core.verb:set package 'proyecto1' build argument 'cmake_clean_cache' from command line to 'False'
[5.329s] Level 5:colcon.colcon_core.verb:set package 'proyecto1' build argument 'cmake_clean_first' from command line to 'False'
[5.329s] Level 5:colcon.colcon_core.verb:set package 'proyecto1' build argument 'cmake_force_configure' from command line to 'False'
[5.330s] Level 5:colcon.colcon_core.verb:set package 'proyecto1' build argument 'ament_cmake_args' from command line to 'None'
[5.330s] Level 5:colcon.colcon_core.verb:set package 'proyecto1' build argument 'catkin_cmake_args' from command line to 'None'
[5.330s] Level 5:colcon.colcon_core.verb:set package 'proyecto1' build argument 'catkin_skip_building_tests' from command line to 'False'
[5.330s] DEBUG:colcon.colcon_core.verb:Building package 'proyecto1' with the following arguments: {'ament_cmake_args': None, 'build_base': '/home/sebastian/Desktop/Robotica202420/proyecto_ws/build/proyecto1', 'catkin_cmake_args': None, 'catkin_skip_building_tests': False, 'cmake_args': None, 'cmake_clean_cache': False, 'cmake_clean_first': False, 'cmake_force_configure': False, 'cmake_target': None, 'cmake_target_skip_unavailable': False, 'install_base': '/home/sebastian/Desktop/Robotica202420/proyecto_ws/install/proyecto1', 'merge_install': False, 'path': '/home/sebastian/Desktop/Robotica202420/proyecto_ws/src/proyecto1', 'symlink_install': False, 'test_result_base': None}
[5.330s] INFO:colcon.colcon_core.executor:Executing jobs using 'parallel' executor
[5.331s] DEBUG:colcon.colcon_parallel_executor.executor.parallel:run_until_complete
[5.332s] INFO:colcon.colcon_ros.task.ament_python.build:Building ROS package in '/home/sebastian/Desktop/Robotica202420/proyecto_ws/src/proyecto1' with build type 'ament_python'
[5.332s] Level 1:colcon.colcon_core.shell:create_environment_hook('proyecto1', 'ament_prefix_path')
[5.335s] INFO:colcon.colcon_core.plugin_system:Skipping extension 'colcon_core.shell.bat': Not used on non-Windows systems
[5.335s] INFO:colcon.colcon_core.shell:Creating environment descriptor '/home/sebastian/Desktop/Robotica202420/proyecto_ws/install/proyecto1/share/proyecto1/hook/ament_prefix_path.dsv'
[5.336s] INFO:colcon.colcon_core.shell:Creating environment hook '/home/sebastian/Desktop/Robotica202420/proyecto_ws/install/proyecto1/share/proyecto1/hook/ament_prefix_path.sh'
[5.337s] DEBUG:colcon.colcon_core.shell:Skip shell extension 'dsv' for command environment
[5.564s] INFO:colcon.colcon_core.task.python.build:Building Python package in '/home/sebastian/Desktop/Robotica202420/proyecto_ws/src/proyecto1'
[5.565s] DEBUG:colcon.colcon_core.shell:Skip shell extension 'dsv' for command environment
[10.283s] DEBUG:colcon.colcon_core.event_handler.log_command:Invoking command in '/home/sebastian/Desktop/Robotica202420/proyecto_ws/src/proyecto1': DEBUGINFOD_URLS=https://debuginfod.ubuntu.com PYTHONPATH=/home/sebastian/Desktop/Robotica202420/proyecto_ws/build/proyecto1/prefix_override:/usr/lib/python3/dist-packages/colcon_core/task/python/colcon_distutils_commands:/home/sebastian/Desktop/Robotica202420/proyecto_ws/install/proyecto1/lib/python3.12/site-packages:${PYTHONPATH} /usr/bin/python3 -W ignore:setup.py install is deprecated -W ignore:easy_install command is deprecated setup.py egg_info --egg-base ../../build/proyecto1 build --build-base /home/sebastian/Desktop/Robotica202420/proyecto_ws/build/proyecto1/build install --record /home/sebastian/Desktop/Robotica202420/proyecto_ws/build/proyecto1/install.log --single-version-externally-managed install_data
[10.745s] DEBUG:colcon.colcon_core.event_handler.log_command:Invoked command in '/home/sebastian/Desktop/Robotica202420/proyecto_ws/src/proyecto1' returned '0': DEBUGINFOD_URLS=https://debuginfod.ubuntu.com PYTHONPATH=/home/sebastian/Desktop/Robotica202420/proyecto_ws/build/proyecto1/prefix_override:/usr/lib/python3/dist-packages/colcon_core/task/python/colcon_distutils_commands:/home/sebastian/Desktop/Robotica202420/proyecto_ws/install/proyecto1/lib/python3.12/site-packages:${PYTHONPATH} /usr/bin/python3 -W ignore:setup.py install is deprecated -W ignore:easy_install command is deprecated setup.py egg_info --egg-base ../../build/proyecto1 build --build-base /home/sebastian/Desktop/Robotica202420/proyecto_ws/build/proyecto1/build install --record /home/sebastian/Desktop/Robotica202420/proyecto_ws/build/proyecto1/install.log --single-version-externally-managed install_data
[10.746s] Level 1:colcon.colcon_core.environment:checking '/home/sebastian/Desktop/Robotica202420/proyecto_ws/install/proyecto1' for CMake module files
[10.747s] Level 1:colcon.colcon_core.environment:checking '/home/sebastian/Desktop/Robotica202420/proyecto_ws/install/proyecto1' for CMake config files
[10.747s] Level 1:colcon.colcon_core.environment:checking '/home/sebastian/Desktop/Robotica202420/proyecto_ws/install/proyecto1/lib'
[10.748s] Level 1:colcon.colcon_core.environment:checking '/home/sebastian/Desktop/Robotica202420/proyecto_ws/install/proyecto1/bin'
[10.748s] Level 1:colcon.colcon_core.environment:checking '/home/sebastian/Desktop/Robotica202420/proyecto_ws/install/proyecto1/lib/pkgconfig/proyecto1.pc'
[10.748s] Level 1:colcon.colcon_core.environment:checking '/home/sebastian/Desktop/Robotica202420/proyecto_ws/install/proyecto1/lib/python3.12/site-packages'
[10.748s] Level 1:colcon.colcon_core.shell:create_environment_hook('proyecto1', 'pythonpath')
[10.748s] INFO:colcon.colcon_core.shell:Creating environment descriptor '/home/sebastian/Desktop/Robotica202420/proyecto_ws/install/proyecto1/share/proyecto1/hook/pythonpath.dsv'
[10.748s] INFO:colcon.colcon_core.shell:Creating environment hook '/home/sebastian/Desktop/Robotica202420/proyecto_ws/install/proyecto1/share/proyecto1/hook/pythonpath.sh'
[10.749s] Level 1:colcon.colcon_core.environment:checking '/home/sebastian/Desktop/Robotica202420/proyecto_ws/install/proyecto1/bin'
[10.749s] Level 1:colcon.colcon_core.environment:create_environment_scripts_only(proyecto1)
[10.749s] INFO:colcon.colcon_core.shell:Creating package descriptor '/home/sebastian/Desktop/Robotica202420/proyecto_ws/install/proyecto1/share/proyecto1/package.dsv'
[10.749s] INFO:colcon.colcon_core.shell:Creating package script '/home/sebastian/Desktop/Robotica202420/proyecto_ws/install/proyecto1/share/proyecto1/package.sh'
[10.750s] INFO:colcon.colcon_core.shell:Creating package script '/home/sebastian/Desktop/Robotica202420/proyecto_ws/install/proyecto1/share/proyecto1/package.bash'
[10.750s] INFO:colcon.colcon_core.shell:Creating package script '/home/sebastian/Desktop/Robotica202420/proyecto_ws/install/proyecto1/share/proyecto1/package.zsh'
[10.751s] Level 1:colcon.colcon_core.environment:create_file_with_runtime_dependencies(/home/sebastian/Desktop/Robotica202420/proyecto_ws/install/proyecto1/share/colcon-core/packages/proyecto1)
[10.751s] DEBUG:colcon.colcon_parallel_executor.executor.parallel:closing loop
[10.751s] DEBUG:colcon.colcon_parallel_executor.executor.parallel:loop closed
[10.751s] DEBUG:colcon.colcon_parallel_executor.executor.parallel:run_until_complete finished with '0'
[10.751s] DEBUG:colcon.colcon_core.event_reactor:joining thread
[10.756s] INFO:colcon.colcon_core.plugin_system:Skipping extension 'colcon_notification.desktop_notification.terminal_notifier': Not used on non-Darwin systems
[10.756s] INFO:colcon.colcon_core.plugin_system:Skipping extension 'colcon_notification.desktop_notification.win32': Not used on non-Windows systems
[10.756s] INFO:colcon.colcon_notification.desktop_notification:Sending desktop notification using 'notify2'
[10.802s] DEBUG:colcon.colcon_core.event_reactor:joined thread
[10.802s] INFO:colcon.colcon_core.shell:Creating prefix script '/home/sebastian/Desktop/Robotica202420/proyecto_ws/install/local_setup.sh'
[10.802s] INFO:colcon.colcon_core.shell:Creating prefix util module '/home/sebastian/Desktop/Robotica202420/proyecto_ws/install/_local_setup_util_sh.py'
[10.803s] INFO:colcon.colcon_core.shell:Creating prefix chain script '/home/sebastian/Desktop/Robotica202420/proyecto_ws/install/setup.sh'
[10.804s] INFO:colcon.colcon_core.shell:Creating prefix script '/home/sebastian/Desktop/Robotica202420/proyecto_ws/install/local_setup.bash'
[10.805s] INFO:colcon.colcon_core.shell:Creating prefix chain script '/home/sebastian/Desktop/Robotica202420/proyecto_ws/install/setup.bash'
[10.805s] INFO:colcon.colcon_core.shell:Creating prefix script '/home/sebastian/Desktop/Robotica202420/proyecto_ws/install/local_setup.zsh'
[10.806s] INFO:colcon.colcon_core.shell:Creating prefix chain script '/home/sebastian/Desktop/Robotica202420/proyecto_ws/install/setup.zsh'
