[7.630s] Invoking command in '/home/server/Documents/Proyecto 1/proyecto_ws/src/proyecto1': DEBUGINFOD_URLS=https://debuginfod.ubuntu.com PYTHONPATH=/home/server/Documents/Proyecto 1/proyecto_ws/build/proyecto1/prefix_override:/usr/lib/python3/dist-packages/colcon_core/task/python/colcon_distutils_commands:/home/server/Documents/Proyecto 1/proyecto_ws/install/proyecto1/lib/python3.12/site-packages:${PYTHONPATH} /usr/bin/python3 -W ignore:setup.py install is deprecated setup.py egg_info --egg-base ../../build/proyecto1 build --build-base /home/server/Documents/Proyecto 1/proyecto_ws/build/proyecto1/build install --record /home/server/Documents/Proyecto 1/proyecto_ws/build/proyecto1/install.log --single-version-externally-managed install_data
[8.025s] running egg_info
[8.051s] writing ../../build/proyecto1/proyecto1.egg-info/PKG-INFO
[8.086s] writing dependency_links to ../../build/proyecto1/proyecto1.egg-info/dependency_links.txt
[8.086s] writing entry points to ../../build/proyecto1/proyecto1.egg-info/entry_points.txt
[8.086s] writing requirements to ../../build/proyecto1/proyecto1.egg-info/requires.txt
[8.086s] writing top-level names to ../../build/proyecto1/proyecto1.egg-info/top_level.txt
[8.142s] reading manifest file '../../build/proyecto1/proyecto1.egg-info/SOURCES.txt'
[8.156s] writing manifest file '../../build/proyecto1/proyecto1.egg-info/SOURCES.txt'
[8.156s] running build
[8.157s] running build_py
[8.189s] copying proyecto1/path_follow.py -> /home/server/Documents/Proyecto 1/proyecto_ws/build/proyecto1/build/lib/proyecto1
[8.190s] running install
[8.205s] running install_lib
[8.276s] copying /home/server/Documents/Proyecto 1/proyecto_ws/build/proyecto1/build/lib/proyecto1/path_follow.py -> /home/server/Documents/Proyecto 1/proyecto_ws/install/proyecto1/lib/python3.12/site-packages/proyecto1
[8.277s] byte-compiling /home/server/Documents/Proyecto 1/proyecto_ws/install/proyecto1/lib/python3.12/site-packages/proyecto1/path_follow.py to path_follow.cpython-312.pyc
[8.302s] running install_data
[8.321s] running install_egg_info
[8.349s] removing '/home/server/Documents/Proyecto 1/proyecto_ws/install/proyecto1/lib/python3.12/site-packages/proyecto1-0.0.0-py3.12.egg-info' (and everything under it)
[8.383s] Copying ../../build/proyecto1/proyecto1.egg-info to /home/server/Documents/Proyecto 1/proyecto_ws/install/proyecto1/lib/python3.12/site-packages/proyecto1-0.0.0-py3.12.egg-info
[8.416s] running install_scripts
[8.703s] Installing pathfollow script to /home/server/Documents/Proyecto 1/proyecto_ws/install/proyecto1/lib/proyecto1
[8.727s] writing list of installed files to '/home/server/Documents/Proyecto 1/proyecto_ws/build/proyecto1/install.log'
[8.772s] Invoked command in '/home/server/Documents/Proyecto 1/proyecto_ws/src/proyecto1' returned '0': DEBUGINFOD_URLS=https://debuginfod.ubuntu.com PYTHONPATH=/home/server/Documents/Proyecto 1/proyecto_ws/build/proyecto1/prefix_override:/usr/lib/python3/dist-packages/colcon_core/task/python/colcon_distutils_commands:/home/server/Documents/Proyecto 1/proyecto_ws/install/proyecto1/lib/python3.12/site-packages:${PYTHONPATH} /usr/bin/python3 -W ignore:setup.py install is deprecated setup.py egg_info --egg-base ../../build/proyecto1 build --build-base /home/server/Documents/Proyecto 1/proyecto_ws/build/proyecto1/build install --record /home/server/Documents/Proyecto 1/proyecto_ws/build/proyecto1/install.log --single-version-externally-managed install_data
